[13-Aug-2025 11:29:15] NOTICE: fpm is running, pid 81042
[13-Aug-2025 11:29:15] NOTICE: ready to handle connections
[13-Aug-2025 19:30:46] NOTICE: Terminating ...
[13-Aug-2025 19:30:46] NOTICE: Terminating ...
[13-Aug-2025 19:30:46] NOTICE: exiting, bye-bye!
[18-Aug-2025 09:08:28] NOTICE: fpm is running, pid 58632
[18-Aug-2025 09:08:28] NOTICE: ready to handle connections
[22-Aug-2025 22:18:59] NOTICE: Terminating ...
[22-Aug-2025 22:18:59] NOTICE: Terminating ...
[22-Aug-2025 22:18:59] NOTICE: exiting, bye-bye!
[25-Aug-2025 08:57:53] NOTICE: fpm is running, pid 74908
[25-Aug-2025 08:57:53] NOTICE: ready to handle connections
[05-Sep-2025 14:04:41] NOTICE: Terminating ...
[05-Sep-2025 14:04:41] NOTICE: Terminating ...
[05-Sep-2025 14:04:41] NOTICE: exiting, bye-bye!
[05-Sep-2025 14:06:40] NOTICE: fpm is running, pid 16662
[05-Sep-2025 14:06:40] NOTICE: ready to handle connections
[05-Sep-2025 14:06:48] NOTICE: Terminating ...
[05-Sep-2025 14:06:48] NOTICE: exiting, bye-bye!
[06-Sep-2025 09:47:37] NOTICE: fpm is running, pid 37145
[06-Sep-2025 09:47:37] NOTICE: ready to handle connections
[06-Sep-2025 09:48:09] NOTICE: Terminating ...
[06-Sep-2025 09:48:09] NOTICE: Terminating ...
[06-Sep-2025 09:48:09] NOTICE: exiting, bye-bye!
[06-Sep-2025 09:48:12] NOTICE: fpm is running, pid 37243
[06-Sep-2025 09:48:12] NOTICE: ready to handle connections
[07-Sep-2025 14:37:06] NOTICE: Terminating ...
[07-Sep-2025 14:37:06] NOTICE: Terminating ...
[07-Sep-2025 14:37:06] NOTICE: exiting, bye-bye!
[09-Sep-2025 17:47:21] NOTICE: fpm is running, pid 33267
[09-Sep-2025 17:47:21] NOTICE: ready to handle connections
[10-Sep-2025 09:33:45] NOTICE: Terminating ...
[10-Sep-2025 09:33:45] NOTICE: Terminating ...
[10-Sep-2025 09:33:45] NOTICE: exiting, bye-bye!
[10-Sep-2025 15:18:37] NOTICE: fpm is running, pid 338
[10-Sep-2025 15:18:37] NOTICE: ready to handle connections
[10-Sep-2025 15:22:10] NOTICE: Terminating ...
[10-Sep-2025 15:22:10] NOTICE: exiting, bye-bye!
[10-Sep-2025 15:30:25] NOTICE: fpm is running, pid 1495
[10-Sep-2025 15:30:25] NOTICE: ready to handle connections
[10-Sep-2025 15:30:34] NOTICE: Terminating ...
[10-Sep-2025 15:30:34] NOTICE: exiting, bye-bye!
[10-Sep-2025 15:31:34] NOTICE: fpm is running, pid 1654
[10-Sep-2025 15:31:34] NOTICE: ready to handle connections
[10-Sep-2025 15:32:28] NOTICE: Terminating ...
[10-Sep-2025 15:32:28] NOTICE: Terminating ...
[10-Sep-2025 15:32:28] NOTICE: exiting, bye-bye!
[10-Sep-2025 15:33:16] NOTICE: fpm is running, pid 1882
[10-Sep-2025 15:33:16] NOTICE: ready to handle connections
[10-Sep-2025 15:33:35] NOTICE: Terminating ...
[10-Sep-2025 15:33:35] NOTICE: Terminating ...
[10-Sep-2025 15:33:35] NOTICE: exiting, bye-bye!
[10-Sep-2025 15:33:45] NOTICE: fpm is running, pid 1981
[10-Sep-2025 15:33:45] NOTICE: ready to handle connections
[10-Sep-2025 15:33:53] NOTICE: Terminating ...
[10-Sep-2025 15:33:53] NOTICE: Terminating ...
[10-Sep-2025 15:33:53] NOTICE: exiting, bye-bye!
[10-Sep-2025 15:34:24] NOTICE: fpm is running, pid 2181
[10-Sep-2025 15:34:24] NOTICE: ready to handle connections
[10-Sep-2025 15:34:48] NOTICE: Terminating ...
[10-Sep-2025 15:34:48] NOTICE: Terminating ...
[10-Sep-2025 15:34:48] NOTICE: exiting, bye-bye!
[10-Sep-2025 15:36:43] NOTICE: fpm is running, pid 2364
[10-Sep-2025 15:36:43] NOTICE: ready to handle connections
[10-Sep-2025 16:08:25] NOTICE: Terminating ...
[10-Sep-2025 16:08:25] NOTICE: Terminating ...
[10-Sep-2025 16:08:25] NOTICE: exiting, bye-bye!
[11-Sep-2025 14:21:36] NOTICE: fpm is running, pid 47128
[11-Sep-2025 14:21:36] NOTICE: ready to handle connections
[14-Sep-2025 20:33:34] NOTICE: Terminating ...
[14-Sep-2025 20:33:34] NOTICE: Terminating ...
[14-Sep-2025 20:33:34] NOTICE: exiting, bye-bye!
[14-Sep-2025 23:47:15] NOTICE: fpm is running, pid 48023
[14-Sep-2025 23:47:15] NOTICE: ready to handle connections
[15-Sep-2025 17:05:49] NOTICE: Terminating ...
[15-Sep-2025 17:05:49] NOTICE: Terminating ...
[15-Sep-2025 17:05:50] NOTICE: exiting, bye-bye!
[16-Sep-2025 11:20:55] NOTICE: fpm is running, pid 18357
[16-Sep-2025 11:20:55] NOTICE: ready to handle connections
[16-Sep-2025 16:03:40] NOTICE: Terminating ...
[16-Sep-2025 16:03:40] NOTICE: Terminating ...
[16-Sep-2025 16:03:40] NOTICE: exiting, bye-bye!
[18-Sep-2025 10:03:24] NOTICE: fpm is running, pid 88084
[18-Sep-2025 10:03:24] NOTICE: ready to handle connections
[29-Sep-2025 15:55:41] NOTICE: Terminating ...
[29-Sep-2025 15:55:41] NOTICE: Terminating ...
[29-Sep-2025 15:55:41] NOTICE: exiting, bye-bye!
[29-Sep-2025 15:55:44] NOTICE: fpm is running, pid 26793
[29-Sep-2025 15:55:44] NOTICE: ready to handle connections
[29-Sep-2025 16:06:44] NOTICE: Terminating ...
[29-Sep-2025 16:06:44] NOTICE: Terminating ...
[29-Sep-2025 16:06:44] NOTICE: exiting, bye-bye!
[29-Sep-2025 16:06:46] NOTICE: fpm is running, pid 27473
[29-Sep-2025 16:06:46] NOTICE: ready to handle connections
[01-Oct-2025 10:10:35] NOTICE: Terminating ...
[01-Oct-2025 10:10:35] NOTICE: Terminating ...
[01-Oct-2025 10:10:35] NOTICE: exiting, bye-bye!
[03-Oct-2025 15:23:26] NOTICE: fpm is running, pid 90387
[03-Oct-2025 15:23:26] NOTICE: ready to handle connections
[03-Oct-2025 16:46:43] NOTICE: Terminating ...
[03-Oct-2025 16:46:43] NOTICE: Terminating ...
[03-Oct-2025 16:46:43] NOTICE: exiting, bye-bye!
[06-Oct-2025 13:06:07] NOTICE: fpm is running, pid 78433
[06-Oct-2025 13:06:07] NOTICE: ready to handle connections
[10-Oct-2025 16:19:12] NOTICE: Terminating ...
[10-Oct-2025 16:19:12] NOTICE: Terminating ...
[10-Oct-2025 16:19:12] NOTICE: exiting, bye-bye!
[13-Oct-2025 13:58:02] NOTICE: fpm is running, pid 35912
[13-Oct-2025 13:58:02] NOTICE: ready to handle connections
[14-Oct-2025 16:13:59] NOTICE: Terminating ...
[14-Oct-2025 16:13:59] NOTICE: Terminating ...
[14-Oct-2025 16:13:59] NOTICE: exiting, bye-bye!
[15-Oct-2025 14:04:19] NOTICE: fpm is running, pid 23165
[15-Oct-2025 14:04:19] NOTICE: ready to handle connections
[15-Oct-2025 20:30:26] NOTICE: Terminating ...
[15-Oct-2025 20:30:26] NOTICE: Terminating ...
[15-Oct-2025 20:30:26] NOTICE: exiting, bye-bye!
[17-Oct-2025 09:08:09] NOTICE: fpm is running, pid 5747
[17-Oct-2025 09:08:09] NOTICE: ready to handle connections
